<?xml version="1.0" encoding="UTF-8" standalone="no"?>
<invoices>
	<invoice invoiceNumber="INV0001">
		<customer customerID="CUS001">
			<customerName>Kiss Bt.</customerName>
			<customerAddress>Kossuth Lajos u. 5.</customerAddress>
			<customerCity>Gyöngyös</customerCity>
			<customerPostCode>3200</customerPostCode>
			<customerCountry>Magyarország</customerCountry>
			<customerEmail>info@kiss.hu</customerEmail>
			<customerPhone>+36 37 555 000</customerPhone>
			<customerLoyalty>Arany</customerLoyalty>
			<customerDiscount>30</customerDiscount>
		</customer>
		<soldProduct productID="DDD">
			<productName>DDD</productName>
			<productType>DDD</productType>
			<productSoldPrice>10</productSoldPrice>
			<productSoldQuantity>20</productSoldQuantity>
		</soldProduct>
		<soldProduct productID="EEE">
			<productName>EEE</productName>
			<productType>EEE</productType>
			<productSoldPrice>100</productSoldPrice>
			<productSoldQuantity>17</productSoldQuantity>
		</soldProduct>
	</invoice>
	<invoice invoiceNumber="INV0002">
		<customer customerID="CUS003">
			<customerName>C</customerName>
			<customerAddress>C</customerAddress>
			<customerCity>C</customerCity>
			<customerPostCode>C</customerPostCode>
			<customerCountry>C</customerCountry>
			<customerEmail>C</customerEmail>
			<customerPhone>C</customerPhone>
			<customerLoyalty>Bronz</customerLoyalty>
			<customerDiscount>10</customerDiscount>
		</customer>
		<soldProduct productID="DDD">
			<productName>DDD</productName>
			<productType>DDD</productType>
			<productSoldPrice>10</productSoldPrice>
			<productSoldQuantity>20</productSoldQuantity>
		</soldProduct>
		<soldProduct productID="EEE">
			<productName>EEE</productName>
			<productType>EEE</productType>
			<productSoldPrice>100</productSoldPrice>
			<productSoldQuantity>17</productSoldQuantity>
		</soldProduct>
		<soldProduct productID="Valami">
			<productName>Valami</productName>
			<productType>Valami</productType>
			<productSoldPrice>1000</productSoldPrice>
			<productSoldQuantity>84</productSoldQuantity>
		</soldProduct>
		<soldProduct productID="Salala">
			<productName>Salala</productName>
			<productType>Salala</productType>
			<productSoldPrice>12000</productSoldPrice>
			<productSoldQuantity>7</productSoldQuantity>
		</soldProduct>
	</invoice>
	<invoice invoiceNumber="INV0003">
		<customer customerID="CUS002">
			<customerName>B</customerName>
			<customerAddress>B</customerAddress>
			<customerCity>B</customerCity>
			<customerPostCode>B</customerPostCode>
			<customerCountry>B</customerCountry>
			<customerEmail>B</customerEmail>
			<customerPhone>B</customerPhone>
			<customerLoyalty>Ezüst</customerLoyalty>
			<customerDiscount>20</customerDiscount>
		</customer>
		<soldProduct productID="Valami">
			<productName>Valami</productName>
			<productType>Valami</productType>
			<productSoldPrice>25000</productSoldPrice>
			<productSoldQuantity>10</productSoldQuantity>
		</soldProduct>
	</invoice>
	<invoice invoiceNumber="INV0004">
		<customer customerID="CUS001">
			<customerName>Kiss Bt.</customerName>
			<customerAddress>Kossuth Lajos u. 5.</customerAddress>
			<customerCity>Gyöngyös</customerCity>
			<customerPostCode>3200</customerPostCode>
			<customerCountry>Magyarország</customerCountry>
			<customerEmail>info@kiss.hu</customerEmail>
			<customerPhone>+36 37 555 000</customerPhone>
			<customerLoyalty>Arany</customerLoyalty>
			<customerDiscount>30</customerDiscount>
		</customer>
		<soldProduct productID="Salala">
			<productName>Salala</productName>
			<productType>Salala</productType>
			<productSoldPrice>20000</productSoldPrice>
			<productSoldQuantity>50</productSoldQuantity>
		</soldProduct>
	</invoice>
</invoices>