<?xml version="1.0" encoding="UTF-8" standalone="no"?>
<invoices>
	<invoice invoiceNumber="INV00001">
		<invoiceDate>2017-05-29</invoiceDate>
		<invoiceDiscount>0</invoiceDiscount>
		<customer customerID="CUS1004">
			<customerName>Duis Dignissim Foundation</customerName>
			<customerAddress>P.O. Box 598, 3615 Mattis. St.</customerAddress>
			<customerCity>Borgomasino</customerCity>
			<customerPostCode>53511</customerPostCode>
			<customerCountry>Philippines</customerCountry>
			<customerEmail>et.magnis.dis@Utsagittis.com</customerEmail>
			<customerPhone>+50 724 362 1498</customerPhone>
			<customerLoyalty>Ez체s</customerLoyalty>
			<customerDiscount>13</customerDiscount>
		</customer>
		<soldProduct soldProductID="PR00005">
			<soldProductName>HP ProBook 250 G4</soldProductName>
			<soldProductType>Laptop</soldProductType>
			<soldProductPrice>174000.0</soldProductPrice>
			<soldProductQuantity>3</soldProductQuantity>
		</soldProduct>
		<soldProduct soldProductID="PR00007">
			<soldProductName>Lenovo Ideapad - Windows</soldProductName>
			<soldProductType>Tablet</soldProductType>
			<soldProductPrice>147900.0</soldProductPrice>
			<soldProductQuantity>3</soldProductQuantity>
		</soldProduct>
		<soldProduct soldProductID="PR00009">
			<soldProductName>XIAOMI AMAZFIT GPS</soldProductName>
			<soldProductType>Okos처ra</soldProductType>
			<soldProductPrice>47850.0</soldProductPrice>
			<soldProductQuantity>10</soldProductQuantity>
		</soldProduct>
	</invoice>
	<invoice invoiceNumber="INV00002">
		<invoiceDate>2017-05-29</invoiceDate>
		<invoiceDiscount>0</invoiceDiscount>
		<customer customerID="CUS1007">
			<customerName>Eu Accumsan Sed Limited</customerName>
			<customerAddress>126-8599 Dui. St.</customerAddress>
			<customerCity>Zielona G처ra</customerCity>
			<customerPostCode>78480</customerPostCode>
			<customerCountry>Moldova</customerCountry>
			<customerEmail>sollicitudin@Donecdignissimmagna.edu</customerEmail>
			<customerPhone>+35 147 582 8862</customerPhone>
			<customerLoyalty>Bronz</customerLoyalty>
			<customerDiscount>6</customerDiscount>
		</customer>
		<soldProduct soldProductID="PR00008">
			<soldProductName>FITBIT BLAZE FEKETE</soldProductName>
			<soldProductType>Okos처ra</soldProductType>
			<soldProductPrice>100.0</soldProductPrice>
			<soldProductQuantity>10</soldProductQuantity>
		</soldProduct>
		<soldProduct soldProductID="PR00011">
			<soldProductName>WD BLUE 1TB</soldProductName>
			<soldProductType>Merevlemez</soldProductType>
			<soldProductPrice>200.0</soldProductPrice>
			<soldProductQuantity>20</soldProductQuantity>
		</soldProduct>
	</invoice>
</invoices>